<?xml version="1.0" encoding="UTF-8"?>
<testng-results skipped="0" failed="0" ignored="0" total="1" passed="1">
  <reporter-output>
  </reporter-output>
  <suite name="Suite" duration-ms="25664" started-at="2022-03-05T11:25:06Z" finished-at="2022-03-05T11:25:32Z">
    <groups>
    </groups>
    <test name="Test" duration-ms="25664" started-at="2022-03-05T11:25:06Z" finished-at="2022-03-05T11:25:32Z">
      <class name="com.selenium.testcases.sampleTestcase">
        <test-method status="PASS" signature="launchBrowser()[pri:0, instance:com.selenium.testcases.sampleTestcase@1e67b872]" name="launchBrowser" is-config="true" duration-ms="8641" started-at="2022-03-05T11:25:06Z" finished-at="2022-03-05T11:25:15Z">
          <reporter-output>
          </reporter-output>
        </test-method> <!-- launchBrowser -->
        <test-method status="PASS" signature="Login()[pri:0, instance:com.selenium.testcases.sampleTestcase@1e67b872]" name="Login" is-config="true" duration-ms="8145" started-at="2022-03-05T11:25:15Z" finished-at="2022-03-05T11:25:23Z">
          <reporter-output>
          </reporter-output>
        </test-method> <!-- Login -->
        <test-method status="PASS" signature="getPageTitle()[pri:0, instance:com.selenium.testcases.sampleTestcase@1e67b872]" name="getPageTitle" duration-ms="3033" started-at="2022-03-05T11:25:23Z" finished-at="2022-03-05T11:25:26Z">
          <reporter-output>
          </reporter-output>
        </test-method> <!-- getPageTitle -->
        <test-method status="PASS" signature="logout()[pri:0, instance:com.selenium.testcases.sampleTestcase@1e67b872]" name="logout" is-config="true" duration-ms="3724" started-at="2022-03-05T11:25:26Z" finished-at="2022-03-05T11:25:30Z">
          <reporter-output>
          </reporter-output>
        </test-method> <!-- logout -->
        <test-method status="PASS" signature="closeBrowser()[pri:0, instance:com.selenium.testcases.sampleTestcase@1e67b872]" name="closeBrowser" is-config="true" duration-ms="2082" started-at="2022-03-05T11:25:30Z" finished-at="2022-03-05T11:25:32Z">
          <reporter-output>
          </reporter-output>
        </test-method> <!-- closeBrowser -->
      </class> <!-- com.selenium.testcases.sampleTestcase -->
    </test> <!-- Test -->
  </suite> <!-- Suite -->
</testng-results>
