<?xml version="1.0" encoding="UTF-8"?>
<testng-results ignored="0" total="1" passed="1" failed="0" skipped="0">
  <reporter-output>
  </reporter-output>
  <suite started-at="2022-03-05T10:24:56Z" name="Default suite" finished-at="2022-03-05T10:25:13Z" duration-ms="17021">
    <groups>
    </groups>
    <test started-at="2022-03-05T10:24:56Z" name="Default test" finished-at="2022-03-05T10:25:13Z" duration-ms="17021">
      <class name="com.selenium.testcases.sampleTestcase">
        <test-method is-config="true" signature="launchBrowser()[pri:0, instance:com.selenium.testcases.sampleTestcase@fa36558]" started-at="2022-03-05T10:24:56Z" name="launchBrowser" finished-at="2022-03-05T10:24:58Z" duration-ms="2462" status="PASS">
          <reporter-output>
          </reporter-output>
        </test-method> <!-- launchBrowser -->
        <test-method is-config="true" signature="Login()[pri:0, instance:com.selenium.testcases.sampleTestcase@fa36558]" started-at="2022-03-05T10:24:58Z" name="Login" finished-at="2022-03-05T10:25:05Z" duration-ms="6858" status="PASS">
          <reporter-output>
          </reporter-output>
        </test-method> <!-- Login -->
        <test-method signature="getPageTitle()[pri:0, instance:com.selenium.testcases.sampleTestcase@fa36558]" started-at="2022-03-05T10:25:05Z" name="getPageTitle" finished-at="2022-03-05T10:25:08Z" duration-ms="3059" status="PASS">
          <reporter-output>
          </reporter-output>
        </test-method> <!-- getPageTitle -->
        <test-method is-config="true" signature="logout()[pri:0, instance:com.selenium.testcases.sampleTestcase@fa36558]" started-at="2022-03-05T10:25:08Z" name="logout" finished-at="2022-03-05T10:25:13Z" duration-ms="4415" status="PASS">
          <reporter-output>
          </reporter-output>
        </test-method> <!-- logout -->
        <test-method is-config="true" signature="closeBrowser()[pri:0, instance:com.selenium.testcases.sampleTestcase@fa36558]" started-at="2022-03-05T10:25:13Z" name="closeBrowser" finished-at="2022-03-05T10:25:13Z" duration-ms="200" status="PASS">
          <reporter-output>
          </reporter-output>
        </test-method> <!-- closeBrowser -->
      </class> <!-- com.selenium.testcases.sampleTestcase -->
    </test> <!-- Default test -->
  </suite> <!-- Default suite -->
</testng-results>
