<?xml version="1.0" encoding="UTF-8"?>
<testng-results ignored="0" total="1" passed="1" failed="0" skipped="0">
  <reporter-output>
  </reporter-output>
  <suite started-at="2022-03-05T11:23:49Z" name="Default suite" finished-at="2022-03-05T11:24:09Z" duration-ms="20809">
    <groups>
    </groups>
    <test started-at="2022-03-05T11:23:49Z" name="Default test" finished-at="2022-03-05T11:24:09Z" duration-ms="20809">
      <class name="com.selenium.testcases.sampleTestcase">
        <test-method is-config="true" signature="launchBrowser()[pri:0, instance:com.selenium.testcases.sampleTestcase@fa36558]" started-at="2022-03-05T11:23:49Z" name="launchBrowser" finished-at="2022-03-05T11:23:51Z" duration-ms="2647" status="PASS">
          <reporter-output>
          </reporter-output>
        </test-method> <!-- launchBrowser -->
        <test-method is-config="true" signature="Login()[pri:0, instance:com.selenium.testcases.sampleTestcase@fa36558]" started-at="2022-03-05T11:23:51Z" name="Login" finished-at="2022-03-05T11:24:00Z" duration-ms="8533" status="PASS">
          <reporter-output>
          </reporter-output>
        </test-method> <!-- Login -->
        <test-method signature="getPageTitle()[pri:0, instance:com.selenium.testcases.sampleTestcase@fa36558]" started-at="2022-03-05T11:24:00Z" name="getPageTitle" finished-at="2022-03-05T11:24:03Z" duration-ms="3711" status="PASS">
          <reporter-output>
          </reporter-output>
        </test-method> <!-- getPageTitle -->
        <test-method is-config="true" signature="logout()[pri:0, instance:com.selenium.testcases.sampleTestcase@fa36558]" started-at="2022-03-05T11:24:03Z" name="logout" finished-at="2022-03-05T11:24:07Z" duration-ms="3777" status="PASS">
          <reporter-output>
          </reporter-output>
        </test-method> <!-- logout -->
        <test-method is-config="true" signature="closeBrowser()[pri:0, instance:com.selenium.testcases.sampleTestcase@fa36558]" started-at="2022-03-05T11:24:07Z" name="closeBrowser" finished-at="2022-03-05T11:24:09Z" duration-ms="2119" status="PASS">
          <reporter-output>
          </reporter-output>
        </test-method> <!-- closeBrowser -->
      </class> <!-- com.selenium.testcases.sampleTestcase -->
    </test> <!-- Default test -->
  </suite> <!-- Default suite -->
</testng-results>
